[0.332s] DEBUG:colcon:Command line arguments: ['/usr/bin/colcon', 'build']
[0.332s] DEBUG:colcon:Parsed command line arguments: Namespace(log_base=None, log_level=None, verb_name='build', build_base='build', install_base='install', merge_install=False, symlink_install=False, test_result_base=None, continue_on_error=False, executor='parallel', parallel_workers=16, event_handlers=None, ignore_user_meta=False, metas=['./colcon.meta'], base_paths=['.'], packages_ignore=None, packages_ignore_regex=None, paths=None, packages_up_to=None, packages_up_to_regex=None, packages_above=None, packages_above_and_dependencies=None, packages_above_depth=None, packages_select_by_dep=None, packages_skip_by_dep=None, packages_skip_up_to=None, packages_select_build_failed=False, packages_skip_build_finished=False, packages_select_test_failures=False, packages_skip_test_passed=False, packages_select=None, packages_skip=None, packages_select_regex=None, packages_skip_regex=None, packages_start=None, packages_end=None, allow_overriding=[], cmake_args=None, cmake_target=None, cmake_target_skip_unavailable=False, cmake_clean_cache=False, cmake_clean_first=False, cmake_force_configure=False, ament_cmake_args=None, catkin_cmake_args=None, catkin_skip_building_tests=False, verb_parser=<colcon_defaults.argument_parser.defaults.DefaultArgumentsDecorator object at 0x7bd672317cd0>, verb_extension=<colcon_core.verb.build.BuildVerb object at 0x7bd6724cd360>, main=<bound method BuildVerb.main of <colcon_core.verb.build.BuildVerb object at 0x7bd6724cd360>>)
[0.477s] Level 1:colcon.colcon_core.package_discovery:discover_packages(colcon_meta) check parameters
[0.477s] Level 1:colcon.colcon_core.package_discovery:discover_packages(recursive) check parameters
[0.477s] Level 1:colcon.colcon_core.package_discovery:discover_packages(ignore) check parameters
[0.477s] Level 1:colcon.colcon_core.package_discovery:discover_packages(path) check parameters
[0.477s] Level 1:colcon.colcon_core.package_discovery:discover_packages(colcon_meta) discover
[0.478s] Level 1:colcon.colcon_core.package_discovery:discover_packages(recursive) discover
[0.478s] INFO:colcon.colcon_core.package_discovery:Crawling recursively for packages in '/home/maanavjugalshah/swarm_aero_ws'
[0.478s] Level 1:colcon.colcon_core.package_identification:_identify(.) by extensions ['ignore', 'ignore_ament_install']
[0.478s] Level 1:colcon.colcon_core.package_identification:_identify(.) by extension 'ignore'
[0.478s] Level 1:colcon.colcon_core.package_identification:_identify(.) by extension 'ignore_ament_install'
[0.478s] Level 1:colcon.colcon_core.package_identification:_identify(.) by extensions ['colcon_pkg']
[0.478s] Level 1:colcon.colcon_core.package_identification:_identify(.) by extension 'colcon_pkg'
[0.478s] Level 1:colcon.colcon_core.package_identification:_identify(.) by extensions ['colcon_meta']
[0.478s] Level 1:colcon.colcon_core.package_identification:_identify(.) by extension 'colcon_meta'
[0.478s] Level 1:colcon.colcon_core.package_identification:_identify(.) by extensions ['ros']
[0.478s] Level 1:colcon.colcon_core.package_identification:_identify(.) by extension 'ros'
[0.490s] Level 1:colcon.colcon_core.package_identification:_identify(.) by extensions ['cmake', 'python']
[0.490s] Level 1:colcon.colcon_core.package_identification:_identify(.) by extension 'cmake'
[0.490s] Level 1:colcon.colcon_core.package_identification:_identify(.) by extension 'python'
[0.490s] Level 1:colcon.colcon_core.package_identification:_identify(.) by extensions ['python_setup_py']
[0.490s] Level 1:colcon.colcon_core.package_identification:_identify(.) by extension 'python_setup_py'
[0.490s] Level 1:colcon.colcon_core.package_identification:_identify(build) by extensions ['ignore', 'ignore_ament_install']
[0.490s] Level 1:colcon.colcon_core.package_identification:_identify(build) by extension 'ignore'
[0.490s] Level 1:colcon.colcon_core.package_identification:_identify(build) ignored
[0.490s] Level 1:colcon.colcon_core.package_identification:_identify(install) by extensions ['ignore', 'ignore_ament_install']
[0.490s] Level 1:colcon.colcon_core.package_identification:_identify(install) by extension 'ignore'
[0.490s] Level 1:colcon.colcon_core.package_identification:_identify(install) ignored
[0.490s] Level 1:colcon.colcon_core.package_identification:_identify(log) by extensions ['ignore', 'ignore_ament_install']
[0.491s] Level 1:colcon.colcon_core.package_identification:_identify(log) by extension 'ignore'
[0.491s] Level 1:colcon.colcon_core.package_identification:_identify(log) ignored
[0.491s] Level 1:colcon.colcon_core.package_identification:_identify(src) by extensions ['ignore', 'ignore_ament_install']
[0.491s] Level 1:colcon.colcon_core.package_identification:_identify(src) by extension 'ignore'
[0.491s] Level 1:colcon.colcon_core.package_identification:_identify(src) by extension 'ignore_ament_install'
[0.491s] Level 1:colcon.colcon_core.package_identification:_identify(src) by extensions ['colcon_pkg']
[0.491s] Level 1:colcon.colcon_core.package_identification:_identify(src) by extension 'colcon_pkg'
[0.491s] Level 1:colcon.colcon_core.package_identification:_identify(src) by extensions ['colcon_meta']
[0.491s] Level 1:colcon.colcon_core.package_identification:_identify(src) by extension 'colcon_meta'
[0.491s] Level 1:colcon.colcon_core.package_identification:_identify(src) by extensions ['ros']
[0.491s] Level 1:colcon.colcon_core.package_identification:_identify(src) by extension 'ros'
[0.491s] Level 1:colcon.colcon_core.package_identification:_identify(src) by extensions ['cmake', 'python']
[0.491s] Level 1:colcon.colcon_core.package_identification:_identify(src) by extension 'cmake'
[0.491s] Level 1:colcon.colcon_core.package_identification:_identify(src) by extension 'python'
[0.491s] Level 1:colcon.colcon_core.package_identification:_identify(src) by extensions ['python_setup_py']
[0.491s] Level 1:colcon.colcon_core.package_identification:_identify(src) by extension 'python_setup_py'
[0.491s] Level 1:colcon.colcon_core.package_identification:_identify(src/swarm_ekf) by extensions ['ignore', 'ignore_ament_install']
[0.491s] Level 1:colcon.colcon_core.package_identification:_identify(src/swarm_ekf) by extension 'ignore'
[0.491s] Level 1:colcon.colcon_core.package_identification:_identify(src/swarm_ekf) by extension 'ignore_ament_install'
[0.491s] Level 1:colcon.colcon_core.package_identification:_identify(src/swarm_ekf) by extensions ['colcon_pkg']
[0.491s] Level 1:colcon.colcon_core.package_identification:_identify(src/swarm_ekf) by extension 'colcon_pkg'
[0.491s] Level 1:colcon.colcon_core.package_identification:_identify(src/swarm_ekf) by extensions ['colcon_meta']
[0.491s] Level 1:colcon.colcon_core.package_identification:_identify(src/swarm_ekf) by extension 'colcon_meta'
[0.491s] Level 1:colcon.colcon_core.package_identification:_identify(src/swarm_ekf) by extensions ['ros']
[0.491s] Level 1:colcon.colcon_core.package_identification:_identify(src/swarm_ekf) by extension 'ros'
[0.494s] DEBUG:colcon.colcon_core.package_identification:Package 'src/swarm_ekf' with type 'ros.ament_cmake' and name 'swarm_ekf'
[0.494s] Level 1:colcon.colcon_core.package_discovery:discover_packages(recursive) using defaults
[0.494s] Level 1:colcon.colcon_core.package_discovery:discover_packages(ignore) discover
[0.494s] Level 1:colcon.colcon_core.package_discovery:discover_packages(ignore) using defaults
[0.494s] Level 1:colcon.colcon_core.package_discovery:discover_packages(path) discover
[0.494s] Level 1:colcon.colcon_core.package_discovery:discover_packages(path) using defaults
[0.515s] Level 1:colcon.colcon_core.package_discovery:discover_packages(prefix_path) check parameters
[0.515s] Level 1:colcon.colcon_core.package_discovery:discover_packages(prefix_path) discover
[0.517s] DEBUG:colcon.colcon_installed_package_information.package_discovery:Found 0 installed packages in /home/maanavjugalshah/swarm_aero_ws/install
[0.517s] DEBUG:colcon.colcon_installed_package_information.package_discovery:Found 2 installed packages in /home/maanavjugalshah/swarm_ws/install
[0.519s] DEBUG:colcon.colcon_installed_package_information.package_discovery:Found 272 installed packages in /opt/ros/humble
[0.531s] Level 1:colcon.colcon_core.package_discovery:discover_packages(prefix_path) using defaults
[0.564s] Level 5:colcon.colcon_core.verb:set package 'swarm_ekf' build argument 'cmake_args' from command line to 'None'
[0.564s] Level 5:colcon.colcon_core.verb:set package 'swarm_ekf' build argument 'cmake_target' from command line to 'None'
[0.564s] Level 5:colcon.colcon_core.verb:set package 'swarm_ekf' build argument 'cmake_target_skip_unavailable' from command line to 'False'
[0.564s] Level 5:colcon.colcon_core.verb:set package 'swarm_ekf' build argument 'cmake_clean_cache' from command line to 'False'
[0.564s] Level 5:colcon.colcon_core.verb:set package 'swarm_ekf' build argument 'cmake_clean_first' from command line to 'False'
[0.564s] Level 5:colcon.colcon_core.verb:set package 'swarm_ekf' build argument 'cmake_force_configure' from command line to 'False'
[0.565s] Level 5:colcon.colcon_core.verb:set package 'swarm_ekf' build argument 'ament_cmake_args' from command line to 'None'
[0.565s] Level 5:colcon.colcon_core.verb:set package 'swarm_ekf' build argument 'catkin_cmake_args' from command line to 'None'
[0.565s] Level 5:colcon.colcon_core.verb:set package 'swarm_ekf' build argument 'catkin_skip_building_tests' from command line to 'False'
[0.565s] DEBUG:colcon.colcon_core.verb:Building package 'swarm_ekf' with the following arguments: {'ament_cmake_args': None, 'build_base': '/home/maanavjugalshah/swarm_aero_ws/build/swarm_ekf', 'catkin_cmake_args': None, 'catkin_skip_building_tests': False, 'cmake_args': None, 'cmake_clean_cache': False, 'cmake_clean_first': False, 'cmake_force_configure': False, 'cmake_target': None, 'cmake_target_skip_unavailable': False, 'install_base': '/home/maanavjugalshah/swarm_aero_ws/install/swarm_ekf', 'merge_install': False, 'path': '/home/maanavjugalshah/swarm_aero_ws/src/swarm_ekf', 'symlink_install': False, 'test_result_base': None}
[0.565s] INFO:colcon.colcon_core.executor:Executing jobs using 'parallel' executor
[0.566s] DEBUG:colcon.colcon_parallel_executor.executor.parallel:run_until_complete
[0.566s] INFO:colcon.colcon_ros.task.ament_cmake.build:Building ROS package in '/home/maanavjugalshah/swarm_aero_ws/src/swarm_ekf' with build type 'ament_cmake'
[0.566s] INFO:colcon.colcon_cmake.task.cmake.build:Building CMake package in '/home/maanavjugalshah/swarm_aero_ws/src/swarm_ekf'
[0.570s] INFO:colcon.colcon_core.plugin_system:Skipping extension 'colcon_core.shell.bat': Not used on non-Windows systems
[0.570s] INFO:colcon.colcon_core.shell:Skip shell extension 'powershell' for command environment: Not usable outside of PowerShell
[0.570s] DEBUG:colcon.colcon_core.shell:Skip shell extension 'dsv' for command environment
[0.582s] DEBUG:colcon.colcon_core.event_handler.log_command:Invoking command in '/home/maanavjugalshah/swarm_aero_ws/build/swarm_ekf': CMAKE_PREFIX_PATH=${CMAKE_PREFIX_PATH}:/opt/ros/humble /usr/bin/cmake /home/maanavjugalshah/swarm_aero_ws/src/swarm_ekf -DCMAKE_INSTALL_PREFIX=/home/maanavjugalshah/swarm_aero_ws/install/swarm_ekf
[26.277s] DEBUG:colcon.colcon_core.event_handler.log_command:Invoked command in '/home/maanavjugalshah/swarm_aero_ws/build/swarm_ekf' returned '0': CMAKE_PREFIX_PATH=${CMAKE_PREFIX_PATH}:/opt/ros/humble /usr/bin/cmake /home/maanavjugalshah/swarm_aero_ws/src/swarm_ekf -DCMAKE_INSTALL_PREFIX=/home/maanavjugalshah/swarm_aero_ws/install/swarm_ekf
[26.285s] DEBUG:colcon.colcon_core.event_handler.log_command:Invoking command in '/home/maanavjugalshah/swarm_aero_ws/build/swarm_ekf': CMAKE_PREFIX_PATH=${CMAKE_PREFIX_PATH}:/opt/ros/humble /usr/bin/cmake --build /home/maanavjugalshah/swarm_aero_ws/build/swarm_ekf -- -j16 -l16
[26.978s] DEBUG:colcon.colcon_core.event_handler.log_command:Invoked command in '/home/maanavjugalshah/swarm_aero_ws/build/swarm_ekf' returned '0': CMAKE_PREFIX_PATH=${CMAKE_PREFIX_PATH}:/opt/ros/humble /usr/bin/cmake --build /home/maanavjugalshah/swarm_aero_ws/build/swarm_ekf -- -j16 -l16
[26.997s] DEBUG:colcon.colcon_core.event_handler.log_command:Invoking command in '/home/maanavjugalshah/swarm_aero_ws/build/swarm_ekf': CMAKE_PREFIX_PATH=${CMAKE_PREFIX_PATH}:/opt/ros/humble /usr/bin/cmake --install /home/maanavjugalshah/swarm_aero_ws/build/swarm_ekf
[27.046s] Level 1:colcon.colcon_core.environment:create_environment_scripts_only(swarm_ekf)
[27.049s] DEBUG:colcon.colcon_core.event_handler.log_command:Invoked command in '/home/maanavjugalshah/swarm_aero_ws/build/swarm_ekf' returned '0': CMAKE_PREFIX_PATH=${CMAKE_PREFIX_PATH}:/opt/ros/humble /usr/bin/cmake --install /home/maanavjugalshah/swarm_aero_ws/build/swarm_ekf
[27.068s] Level 1:colcon.colcon_core.environment:checking '/home/maanavjugalshah/swarm_aero_ws/install/swarm_ekf' for CMake module files
[27.068s] Level 1:colcon.colcon_core.environment:checking '/home/maanavjugalshah/swarm_aero_ws/install/swarm_ekf' for CMake config files
[27.068s] Level 1:colcon.colcon_core.shell:create_environment_hook('swarm_ekf', 'cmake_prefix_path')
[27.069s] INFO:colcon.colcon_core.shell:Creating environment hook '/home/maanavjugalshah/swarm_aero_ws/install/swarm_ekf/share/swarm_ekf/hook/cmake_prefix_path.ps1'
[27.070s] INFO:colcon.colcon_core.shell:Creating environment descriptor '/home/maanavjugalshah/swarm_aero_ws/install/swarm_ekf/share/swarm_ekf/hook/cmake_prefix_path.dsv'
[27.071s] INFO:colcon.colcon_core.shell:Creating environment hook '/home/maanavjugalshah/swarm_aero_ws/install/swarm_ekf/share/swarm_ekf/hook/cmake_prefix_path.sh'
[27.073s] Level 1:colcon.colcon_core.environment:checking '/home/maanavjugalshah/swarm_aero_ws/install/swarm_ekf/lib'
[27.073s] Level 1:colcon.colcon_core.environment:checking '/home/maanavjugalshah/swarm_aero_ws/install/swarm_ekf/bin'
[27.073s] Level 1:colcon.colcon_core.environment:checking '/home/maanavjugalshah/swarm_aero_ws/install/swarm_ekf/lib/pkgconfig/swarm_ekf.pc'
[27.073s] Level 1:colcon.colcon_core.environment:checking '/home/maanavjugalshah/swarm_aero_ws/install/swarm_ekf/lib/python3.10/site-packages'
[27.074s] Level 1:colcon.colcon_core.environment:checking '/home/maanavjugalshah/swarm_aero_ws/install/swarm_ekf/bin'
[27.074s] INFO:colcon.colcon_core.shell:Creating package script '/home/maanavjugalshah/swarm_aero_ws/install/swarm_ekf/share/swarm_ekf/package.ps1'
[27.076s] INFO:colcon.colcon_core.shell:Creating package descriptor '/home/maanavjugalshah/swarm_aero_ws/install/swarm_ekf/share/swarm_ekf/package.dsv'
[27.077s] INFO:colcon.colcon_core.shell:Creating package script '/home/maanavjugalshah/swarm_aero_ws/install/swarm_ekf/share/swarm_ekf/package.sh'
[27.078s] INFO:colcon.colcon_core.shell:Creating package script '/home/maanavjugalshah/swarm_aero_ws/install/swarm_ekf/share/swarm_ekf/package.bash'
[27.080s] INFO:colcon.colcon_core.shell:Creating package script '/home/maanavjugalshah/swarm_aero_ws/install/swarm_ekf/share/swarm_ekf/package.zsh'
[27.081s] Level 1:colcon.colcon_core.environment:create_file_with_runtime_dependencies(/home/maanavjugalshah/swarm_aero_ws/install/swarm_ekf/share/colcon-core/packages/swarm_ekf)
[27.082s] Level 1:colcon.colcon_core.environment:create_environment_scripts_only(swarm_ekf)
[27.082s] Level 1:colcon.colcon_core.environment:checking '/home/maanavjugalshah/swarm_aero_ws/install/swarm_ekf' for CMake module files
[27.083s] Level 1:colcon.colcon_core.environment:checking '/home/maanavjugalshah/swarm_aero_ws/install/swarm_ekf' for CMake config files
[27.083s] Level 1:colcon.colcon_core.shell:create_environment_hook('swarm_ekf', 'cmake_prefix_path')
[27.083s] INFO:colcon.colcon_core.shell:Creating environment hook '/home/maanavjugalshah/swarm_aero_ws/install/swarm_ekf/share/swarm_ekf/hook/cmake_prefix_path.ps1'
[27.083s] INFO:colcon.colcon_core.shell:Creating environment descriptor '/home/maanavjugalshah/swarm_aero_ws/install/swarm_ekf/share/swarm_ekf/hook/cmake_prefix_path.dsv'
[27.084s] INFO:colcon.colcon_core.shell:Creating environment hook '/home/maanavjugalshah/swarm_aero_ws/install/swarm_ekf/share/swarm_ekf/hook/cmake_prefix_path.sh'
[27.084s] Level 1:colcon.colcon_core.environment:checking '/home/maanavjugalshah/swarm_aero_ws/install/swarm_ekf/lib'
[27.084s] Level 1:colcon.colcon_core.environment:checking '/home/maanavjugalshah/swarm_aero_ws/install/swarm_ekf/bin'
[27.084s] Level 1:colcon.colcon_core.environment:checking '/home/maanavjugalshah/swarm_aero_ws/install/swarm_ekf/lib/pkgconfig/swarm_ekf.pc'
[27.085s] Level 1:colcon.colcon_core.environment:checking '/home/maanavjugalshah/swarm_aero_ws/install/swarm_ekf/lib/python3.10/site-packages'
[27.085s] Level 1:colcon.colcon_core.environment:checking '/home/maanavjugalshah/swarm_aero_ws/install/swarm_ekf/bin'
[27.085s] INFO:colcon.colcon_core.shell:Creating package script '/home/maanavjugalshah/swarm_aero_ws/install/swarm_ekf/share/swarm_ekf/package.ps1'
[27.086s] INFO:colcon.colcon_core.shell:Creating package descriptor '/home/maanavjugalshah/swarm_aero_ws/install/swarm_ekf/share/swarm_ekf/package.dsv'
[27.087s] INFO:colcon.colcon_core.shell:Creating package script '/home/maanavjugalshah/swarm_aero_ws/install/swarm_ekf/share/swarm_ekf/package.sh'
[27.087s] INFO:colcon.colcon_core.shell:Creating package script '/home/maanavjugalshah/swarm_aero_ws/install/swarm_ekf/share/swarm_ekf/package.bash'
[27.088s] INFO:colcon.colcon_core.shell:Creating package script '/home/maanavjugalshah/swarm_aero_ws/install/swarm_ekf/share/swarm_ekf/package.zsh'
[27.088s] Level 1:colcon.colcon_core.environment:create_file_with_runtime_dependencies(/home/maanavjugalshah/swarm_aero_ws/install/swarm_ekf/share/colcon-core/packages/swarm_ekf)
[27.089s] DEBUG:colcon.colcon_parallel_executor.executor.parallel:closing loop
[27.089s] DEBUG:colcon.colcon_parallel_executor.executor.parallel:loop closed
[27.089s] DEBUG:colcon.colcon_parallel_executor.executor.parallel:run_until_complete finished with '0'
[27.090s] DEBUG:colcon.colcon_core.event_reactor:joining thread
[27.311s] INFO:colcon.colcon_core.plugin_system:Skipping extension 'colcon_notification.desktop_notification.notify_send': Could not find 'notify-send'
[27.311s] INFO:colcon.colcon_core.plugin_system:Skipping extension 'colcon_notification.desktop_notification.terminal_notifier': Not used on non-Darwin systems
[27.311s] INFO:colcon.colcon_core.plugin_system:Skipping extension 'colcon_notification.desktop_notification.win32': Not used on non-Windows systems
[27.311s] INFO:colcon.colcon_notification.desktop_notification:Sending desktop notification using 'notify2'
[27.311s] DEBUG:colcon.colcon_notification.desktop_notification.notify2:Failed to initialize notify2: org.freedesktop.DBus.Error.FileNotFound: Failed to connect to socket /run/user/1000/bus: No such file or directory
[27.312s] DEBUG:colcon.colcon_core.event_reactor:joined thread
[27.312s] INFO:colcon.colcon_core.shell:Creating prefix script '/home/maanavjugalshah/swarm_aero_ws/install/local_setup.ps1'
[27.314s] INFO:colcon.colcon_core.shell:Creating prefix util module '/home/maanavjugalshah/swarm_aero_ws/install/_local_setup_util_ps1.py'
[27.316s] INFO:colcon.colcon_core.shell:Creating prefix chain script '/home/maanavjugalshah/swarm_aero_ws/install/setup.ps1'
[27.318s] INFO:colcon.colcon_core.shell:Creating prefix script '/home/maanavjugalshah/swarm_aero_ws/install/local_setup.sh'
[27.320s] INFO:colcon.colcon_core.shell:Creating prefix util module '/home/maanavjugalshah/swarm_aero_ws/install/_local_setup_util_sh.py'
[27.321s] INFO:colcon.colcon_core.shell:Creating prefix chain script '/home/maanavjugalshah/swarm_aero_ws/install/setup.sh'
[27.324s] INFO:colcon.colcon_core.shell:Creating prefix script '/home/maanavjugalshah/swarm_aero_ws/install/local_setup.bash'
[27.324s] INFO:colcon.colcon_core.shell:Creating prefix chain script '/home/maanavjugalshah/swarm_aero_ws/install/setup.bash'
[27.328s] INFO:colcon.colcon_core.shell:Creating prefix script '/home/maanavjugalshah/swarm_aero_ws/install/local_setup.zsh'
[27.330s] INFO:colcon.colcon_core.shell:Creating prefix chain script '/home/maanavjugalshah/swarm_aero_ws/install/setup.zsh'
