[0.014s] Invoking command in '/home/maanavjugalshah/swarm_aero_ws/build/swarm_ekf': CMAKE_PREFIX_PATH=${CMAKE_PREFIX_PATH}:/opt/ros/humble /usr/bin/cmake /home/maanavjugalshah/swarm_aero_ws/src/swarm_ekf -DCMAKE_INSTALL_PREFIX=/home/maanavjugalshah/swarm_aero_ws/install/swarm_ekf
[0.460s] -- The C compiler identification is GNU 11.4.0
[1.794s] -- The CXX compiler identification is GNU 11.4.0
[3.089s] -- Detecting C compiler ABI info
[3.604s] -- Detecting C compiler ABI info - done
[3.632s] -- Check for working C compiler: /usr/bin/cc - skipped
[3.634s] -- Detecting C compile features
[3.635s] -- Detecting C compile features - done
[3.643s] -- Detecting CXX compiler ABI info
[4.107s] -- Detecting CXX compiler ABI info - done
[4.122s] -- Check for working CXX compiler: /usr/bin/c++ - skipped
[4.123s] -- Detecting CXX compile features
[4.123s] -- Detecting CXX compile features - done
[4.131s] -- Found ament_cmake: 1.3.13 (/opt/ros/humble/share/ament_cmake/cmake)
[4.375s] -- Found Python3: /usr/bin/python3 (found version "3.10.12") found components: Interpreter 
[4.529s] -- Found rclcpp: 16.0.18 (/opt/ros/humble/share/rclcpp/cmake)
[4.937s] -- Found rosidl_generator_c: 3.1.8 (/opt/ros/humble/share/rosidl_generator_c/cmake)
[4.943s] -- Found rosidl_adapter: 3.1.8 (/opt/ros/humble/share/rosidl_adapter/cmake)
[4.958s] -- Found rosidl_generator_cpp: 3.1.8 (/opt/ros/humble/share/rosidl_generator_cpp/cmake)
[4.978s] -- Using all available rosidl_typesupport_c: rosidl_typesupport_fastrtps_c;rosidl_typesupport_introspection_c
[5.004s] -- Using all available rosidl_typesupport_cpp: rosidl_typesupport_fastrtps_cpp;rosidl_typesupport_introspection_cpp
[5.094s] -- Found rmw_implementation_cmake: 6.1.2 (/opt/ros/humble/share/rmw_implementation_cmake/cmake)
[5.100s] -- Found rmw_fastrtps_cpp: 6.2.10 (/opt/ros/humble/share/rmw_fastrtps_cpp/cmake)
[9.596s] -- Found OpenSSL: /usr/lib/x86_64-linux-gnu/libcrypto.so (found version "3.0.2")  
[14.208s] -- Found FastRTPS: /opt/ros/humble/include  
[24.393s] -- Using RMW implementation 'rmw_fastrtps_cpp' as default
[24.432s] -- Looking for pthread.h
[24.864s] -- Looking for pthread.h - found
[24.865s] -- Performing Test CMAKE_HAVE_LIBC_PTHREAD
[25.298s] -- Performing Test CMAKE_HAVE_LIBC_PTHREAD - Success
[25.300s] -- Found Threads: TRUE  
[25.423s] -- Found px4_msgs: 2.0.1 (/home/maanavjugalshah/swarm_ws/install/px4_msgs/share/px4_msgs/cmake)
[25.471s] -- Found ament_lint_auto: 0.12.15 (/opt/ros/humble/share/ament_lint_auto/cmake)
[25.598s] -- Added test 'cppcheck' to perform static code analysis on C / C++ code
[25.601s] -- Configured cppcheck include dirs: $<BUILD_INTERFACE:/home/maanavjugalshah/swarm_aero_ws/src/swarm_ekf/include>
[25.601s] -- Configured cppcheck exclude dirs and/or files: 
[25.606s] -- Added test 'lint_cmake' to check CMake code style
[25.610s] -- Added test 'uncrustify' to check C / C++ code style
[25.610s] -- Configured uncrustify additional arguments: 
[25.618s] -- Added test 'xmllint' to check XML markup files
[25.624s] -- Configuring done
[25.670s] -- Generating done
[25.684s] -- Build files have been written to: /home/maanavjugalshah/swarm_aero_ws/build/swarm_ekf
[25.709s] Invoked command in '/home/maanavjugalshah/swarm_aero_ws/build/swarm_ekf' returned '0': CMAKE_PREFIX_PATH=${CMAKE_PREFIX_PATH}:/opt/ros/humble /usr/bin/cmake /home/maanavjugalshah/swarm_aero_ws/src/swarm_ekf -DCMAKE_INSTALL_PREFIX=/home/maanavjugalshah/swarm_aero_ws/install/swarm_ekf
[25.717s] Invoking command in '/home/maanavjugalshah/swarm_aero_ws/build/swarm_ekf': CMAKE_PREFIX_PATH=${CMAKE_PREFIX_PATH}:/opt/ros/humble /usr/bin/cmake --build /home/maanavjugalshah/swarm_aero_ws/build/swarm_ekf -- -j16 -l16
[25.826s] [ 50%] [32mBuilding CXX object CMakeFiles/ekf_node.dir/src/ekf_node.cpp.o[0m
[25.914s] [100%] [32m[1mLinking CXX executable ekf_node[0m
[26.392s] [100%] Built target ekf_node
[26.409s] Invoked command in '/home/maanavjugalshah/swarm_aero_ws/build/swarm_ekf' returned '0': CMAKE_PREFIX_PATH=${CMAKE_PREFIX_PATH}:/opt/ros/humble /usr/bin/cmake --build /home/maanavjugalshah/swarm_aero_ws/build/swarm_ekf -- -j16 -l16
[26.429s] Invoking command in '/home/maanavjugalshah/swarm_aero_ws/build/swarm_ekf': CMAKE_PREFIX_PATH=${CMAKE_PREFIX_PATH}:/opt/ros/humble /usr/bin/cmake --install /home/maanavjugalshah/swarm_aero_ws/build/swarm_ekf
[26.456s] -- Install configuration: ""
[26.458s] -- Installing: /home/maanavjugalshah/swarm_aero_ws/install/swarm_ekf/lib/swarm_ekf/ekf_node
[26.460s] -- Set runtime path of "/home/maanavjugalshah/swarm_aero_ws/install/swarm_ekf/lib/swarm_ekf/ekf_node" to ""
[26.462s] -- Installing: /home/maanavjugalshah/swarm_aero_ws/install/swarm_ekf/share/ament_index/resource_index/package_run_dependencies/swarm_ekf
[26.464s] -- Installing: /home/maanavjugalshah/swarm_aero_ws/install/swarm_ekf/share/ament_index/resource_index/parent_prefix_path/swarm_ekf
[26.466s] -- Installing: /home/maanavjugalshah/swarm_aero_ws/install/swarm_ekf/share/swarm_ekf/environment/ament_prefix_path.sh
[26.466s] -- Installing: /home/maanavjugalshah/swarm_aero_ws/install/swarm_ekf/share/swarm_ekf/environment/ament_prefix_path.dsv
[26.467s] -- Installing: /home/maanavjugalshah/swarm_aero_ws/install/swarm_ekf/share/swarm_ekf/environment/path.sh
[26.468s] -- Installing: /home/maanavjugalshah/swarm_aero_ws/install/swarm_ekf/share/swarm_ekf/environment/path.dsv
[26.468s] -- Installing: /home/maanavjugalshah/swarm_aero_ws/install/swarm_ekf/share/swarm_ekf/local_setup.bash
[26.469s] -- Installing: /home/maanavjugalshah/swarm_aero_ws/install/swarm_ekf/share/swarm_ekf/local_setup.sh
[26.470s] -- Installing: /home/maanavjugalshah/swarm_aero_ws/install/swarm_ekf/share/swarm_ekf/local_setup.zsh
[26.470s] -- Installing: /home/maanavjugalshah/swarm_aero_ws/install/swarm_ekf/share/swarm_ekf/local_setup.dsv
[26.471s] -- Installing: /home/maanavjugalshah/swarm_aero_ws/install/swarm_ekf/share/swarm_ekf/package.dsv
[26.472s] -- Installing: /home/maanavjugalshah/swarm_aero_ws/install/swarm_ekf/share/ament_index/resource_index/packages/swarm_ekf
[26.473s] -- Installing: /home/maanavjugalshah/swarm_aero_ws/install/swarm_ekf/share/swarm_ekf/cmake/swarm_ekfConfig.cmake
[26.473s] -- Installing: /home/maanavjugalshah/swarm_aero_ws/install/swarm_ekf/share/swarm_ekf/cmake/swarm_ekfConfig-version.cmake
[26.474s] -- Installing: /home/maanavjugalshah/swarm_aero_ws/install/swarm_ekf/share/swarm_ekf/package.xml
[26.480s] Invoked command in '/home/maanavjugalshah/swarm_aero_ws/build/swarm_ekf' returned '0': CMAKE_PREFIX_PATH=${CMAKE_PREFIX_PATH}:/opt/ros/humble /usr/bin/cmake --install /home/maanavjugalshah/swarm_aero_ws/build/swarm_ekf
