[0.014s] Invoking command in '/home/maanavjugalshah/swarm_aero_ws/build/swarm_ekf': CMAKE_PREFIX_PATH=${CMAKE_PREFIX_PATH}:/opt/ros/humble /usr/bin/cmake --build /home/maanavjugalshah/swarm_aero_ws/build/swarm_ekf -- -j16 -l16
[0.047s] -- Found rclcpp: 16.0.18 (/opt/ros/humble/share/rclcpp/cmake)
[0.581s] -- Found rosidl_generator_c: 3.1.8 (/opt/ros/humble/share/rosidl_generator_c/cmake)
[0.583s] -- Found rosidl_adapter: 3.1.8 (/opt/ros/humble/share/rosidl_adapter/cmake)
[0.589s] -- Found rosidl_generator_cpp: 3.1.8 (/opt/ros/humble/share/rosidl_generator_cpp/cmake)
[0.599s] -- Using all available rosidl_typesupport_c: rosidl_typesupport_fastrtps_c;rosidl_typesupport_introspection_c
[0.611s] -- Using all available rosidl_typesupport_cpp: rosidl_typesupport_fastrtps_cpp;rosidl_typesupport_introspection_cpp
[0.641s] -- Found rmw_implementation_cmake: 6.1.2 (/opt/ros/humble/share/rmw_implementation_cmake/cmake)
[0.643s] -- Found rmw_fastrtps_cpp: 6.2.10 (/opt/ros/humble/share/rmw_fastrtps_cpp/cmake)
[22.318s] -- Using RMW implementation 'rmw_fastrtps_cpp' as default
[22.388s] -- Found px4_msgs: 2.0.1 (/home/maanavjugalshah/swarm_ws/install/px4_msgs/share/px4_msgs/cmake)
[22.575s] -- Configuring done
[22.593s] -- Generating done
[22.601s] -- Build files have been written to: /home/maanavjugalshah/swarm_aero_ws/build/swarm_ekf
[22.642s] [35m[1mConsolidate compiler generated dependencies of target ekf_node[0m
[22.657s] [ 50%] [32mBuilding CXX object CMakeFiles/ekf_node.dir/src/ekf_node.cpp.o[0m
[23.266s] [01m[K/home/maanavjugalshah/swarm_aero_ws/src/swarm_ekf/src/ekf_node.cpp:3:10:[m[K [01;31m[Kfatal error: [m[Kpx4_msgs/msg/vehicle_gps_position.hpp: No such file or directory
[23.266s]     3 | #include [01;31m[K<px4_msgs/msg/vehicle_gps_position.hpp>[m[K
[23.266s]       |          [01;31m[K^~~~~~~~~~~~~~~~~~~~~~~~~~~~~~~~~~~~~~~[m[K
[23.266s] compilation terminated.
[23.268s] gmake[2]: *** [CMakeFiles/ekf_node.dir/build.make:76: CMakeFiles/ekf_node.dir/src/ekf_node.cpp.o] Error 1
[23.269s] gmake[1]: *** [CMakeFiles/Makefile2:137: CMakeFiles/ekf_node.dir/all] Error 2
[23.269s] gmake: *** [Makefile:146: all] Error 2
[23.272s] Invoked command in '/home/maanavjugalshah/swarm_aero_ws/build/swarm_ekf' returned '2': CMAKE_PREFIX_PATH=${CMAKE_PREFIX_PATH}:/opt/ros/humble /usr/bin/cmake --build /home/maanavjugalshah/swarm_aero_ws/build/swarm_ekf -- -j16 -l16
