[0.028s] Invoking command in '/home/maanavjugalshah/swarm_aero_ws/build/swarm_ekf': CMAKE_PREFIX_PATH=${CMAKE_PREFIX_PATH}:/opt/ros/humble /usr/bin/cmake --build /home/maanavjugalshah/swarm_aero_ws/build/swarm_ekf -- -j16 -l16
[0.179s] [35m[1mConsolidate compiler generated dependencies of target ekf_node[0m
[0.261s] [ 50%] [32mBuilding CXX object CMakeFiles/ekf_node.dir/src/ekf_node.cpp.o[0m
[18.159s] [100%] [32m[1mLinking CXX executable ekf_node[0m
[19.163s] [100%] Built target ekf_node
[19.186s] Invoked command in '/home/maanavjugalshah/swarm_aero_ws/build/swarm_ekf' returned '0': CMAKE_PREFIX_PATH=${CMAKE_PREFIX_PATH}:/opt/ros/humble /usr/bin/cmake --build /home/maanavjugalshah/swarm_aero_ws/build/swarm_ekf -- -j16 -l16
[19.203s] Invoking command in '/home/maanavjugalshah/swarm_aero_ws/build/swarm_ekf': CMAKE_PREFIX_PATH=${CMAKE_PREFIX_PATH}:/opt/ros/humble /usr/bin/cmake --install /home/maanavjugalshah/swarm_aero_ws/build/swarm_ekf
[19.215s] -- Install configuration: ""
[19.217s] -- Installing: /home/maanavjugalshah/swarm_aero_ws/install/swarm_ekf/lib/swarm_ekf/ekf_node
[19.226s] -- Set runtime path of "/home/maanavjugalshah/swarm_aero_ws/install/swarm_ekf/lib/swarm_ekf/ekf_node" to ""
[19.226s] -- Up-to-date: /home/maanavjugalshah/swarm_aero_ws/install/swarm_ekf/share/ament_index/resource_index/package_run_dependencies/swarm_ekf
[19.226s] -- Up-to-date: /home/maanavjugalshah/swarm_aero_ws/install/swarm_ekf/share/ament_index/resource_index/parent_prefix_path/swarm_ekf
[19.227s] -- Up-to-date: /home/maanavjugalshah/swarm_aero_ws/install/swarm_ekf/share/swarm_ekf/environment/ament_prefix_path.sh
[19.227s] -- Up-to-date: /home/maanavjugalshah/swarm_aero_ws/install/swarm_ekf/share/swarm_ekf/environment/ament_prefix_path.dsv
[19.227s] -- Up-to-date: /home/maanavjugalshah/swarm_aero_ws/install/swarm_ekf/share/swarm_ekf/environment/path.sh
[19.227s] -- Up-to-date: /home/maanavjugalshah/swarm_aero_ws/install/swarm_ekf/share/swarm_ekf/environment/path.dsv
[19.228s] -- Up-to-date: /home/maanavjugalshah/swarm_aero_ws/install/swarm_ekf/share/swarm_ekf/local_setup.bash
[19.228s] -- Up-to-date: /home/maanavjugalshah/swarm_aero_ws/install/swarm_ekf/share/swarm_ekf/local_setup.sh
[19.228s] -- Up-to-date: /home/maanavjugalshah/swarm_aero_ws/install/swarm_ekf/share/swarm_ekf/local_setup.zsh
[19.228s] -- Up-to-date: /home/maanavjugalshah/swarm_aero_ws/install/swarm_ekf/share/swarm_ekf/local_setup.dsv
[19.228s] -- Installing: /home/maanavjugalshah/swarm_aero_ws/install/swarm_ekf/share/swarm_ekf/package.dsv
[19.228s] -- Up-to-date: /home/maanavjugalshah/swarm_aero_ws/install/swarm_ekf/share/ament_index/resource_index/packages/swarm_ekf
[19.228s] -- Up-to-date: /home/maanavjugalshah/swarm_aero_ws/install/swarm_ekf/share/swarm_ekf/cmake/swarm_ekfConfig.cmake
[19.229s] -- Up-to-date: /home/maanavjugalshah/swarm_aero_ws/install/swarm_ekf/share/swarm_ekf/cmake/swarm_ekfConfig-version.cmake
[19.229s] -- Up-to-date: /home/maanavjugalshah/swarm_aero_ws/install/swarm_ekf/share/swarm_ekf/package.xml
[19.232s] Invoked command in '/home/maanavjugalshah/swarm_aero_ws/build/swarm_ekf' returned '0': CMAKE_PREFIX_PATH=${CMAKE_PREFIX_PATH}:/opt/ros/humble /usr/bin/cmake --install /home/maanavjugalshah/swarm_aero_ws/build/swarm_ekf
